2016417232658 mmc.exe 13980 mmc_initialize 0 1
201641723270 test1.exe 12452 vmms_malloc 71a0d010 50 0
201641723270 test1.exe 12452 vmms_malloc 71a0d042 100 0
201641723270 test1.exe 12452 vmms_malloc 71a0d0a6 200 0
201641723270 test1.exe 12452 vmms_free 104 71a0d042
201641723270 test1.exe 12452 vmms_print 0 71a0d010 50
201641723271 test1.exe 12452 vmms_memset 0 71a0d015 a 10
201641723271 test1.exe 12452 vmms_memcpy 0 71a0d010 8521b4 4
201641723272 test1.exe 14068 vmms_malloc 71a0d042 50 0
201641723272 test1.exe 14068 vmms_malloc 71a0d16e 100 0
201641723272 test1.exe 14068 vmms_malloc 71a0d1d2 200 0
201641723272 test1.exe 14068 vmms_free 104 71a0d16e
201641723272 test1.exe 14068 vmms_print 0 71a0d042 50
201641723273 test1.exe 14068 vmms_memset 0 71a0d047 a 10
201641723273 test1.exe 14068 vmms_memcpy 101 71a0d042 1a21b4 4
201641723274 test1.exe 14180 vmms_malloc 71a0d16e 50 0
201641723274 test1.exe 14180 vmms_malloc 71a0d29a 100 0
201641723274 test1.exe 14180 vmms_malloc 71a0d2fe 200 0
201641723274 test1.exe 14180 vmms_free 104 71a0d29a
201641723274 test1.exe 14180 vmms_print 0 71a0d16e 50
201641723274 test1.exe 14180 vmms_memset 0 71a0d173 a 10
201641723274 test1.exe 14180 vmms_memcpy 101 71a0d16e 1a21b4 4
201641723275 test1.exe 13336 vmms_malloc 71a0d29a 50 0
201641723275 test1.exe 13336 vmms_malloc 71a0d3c6 100 0
201641723275 test1.exe 13336 vmms_malloc 71a0d42a 200 0
201641723275 test1.exe 13336 vmms_free 104 71a0d3c6
201641723275 test1.exe 13336 vmms_print 0 71a0d29a 50
201641723275 test1.exe 13336 vmms_memset 0 71a0d29f a 10
201641723275 test1.exe 13336 vmms_memcpy 101 71a0d29a 1a21b4 4
201641723277 mmc.exe 13980 mmc_display_memory 0 a62199
201641723278 mmc.exe 13980 mmc_display_memtable 0 a6219a
